e:\курсачи\tma-2017\tma-2017\debug\tma-2017.pch
e:\курсачи\tma-2017\tma-2017\debug\vc140.pdb
e:\курсачи\tma-2017\tma-2017\debug\vc140.idb
e:\курсачи\tma-2017\tma-2017\debug\stdafx.obj
e:\курсачи\tma-2017\tma-2017\debug\error.obj
e:\курсачи\tma-2017\tma-2017\debug\fst.obj
e:\курсачи\tma-2017\tma-2017\debug\grb.obj
e:\курсачи\tma-2017\tma-2017\debug\in.obj
e:\курсачи\tma-2017\tma-2017\debug\it.obj
e:\курсачи\tma-2017\tma-2017\debug\lexanalize.obj
e:\курсачи\tma-2017\tma-2017\debug\log.obj
e:\курсачи\tma-2017\tma-2017\debug\lt.obj
e:\курсачи\tma-2017\tma-2017\debug\mfst.obj
e:\курсачи\tma-2017\tma-2017\debug\parm.obj
e:\курсачи\tma-2017\tma-2017\debug\polishnotation.obj
e:\курсачи\tma-2017\tma-2017\debug\semantic.obj
e:\курсачи\tma-2017\tma-2017\debug\tma-2017.obj
e:\курсачи\tma-2017\tma-2017\debug\generation.obj
e:\курсачи\tma-2017\debug\tma-2017.ilk
e:\курсачи\tma-2017\debug\tma-2017.exe
e:\курсачи\tma-2017\debug\tma-2017.pdb
e:\курсачи\tma-2017\tma-2017\debug\tma-2017.tlog\cl.command.1.tlog
e:\курсачи\tma-2017\tma-2017\debug\tma-2017.tlog\cl.read.1.tlog
e:\курсачи\tma-2017\tma-2017\debug\tma-2017.tlog\cl.write.1.tlog
e:\курсачи\tma-2017\tma-2017\debug\tma-2017.tlog\link.command.1.tlog
e:\курсачи\tma-2017\tma-2017\debug\tma-2017.tlog\link.read.1.tlog
e:\курсачи\tma-2017\tma-2017\debug\tma-2017.tlog\link.write.1.tlog
